This file contains any messages produced by compilers while
running configure, to aid debugging if configure makes a mistake.

It was created by PARC Assembly Test Programs configure ?, which was
generated by GNU Autoconf 2.71.  Invocation command line was

  $ ../configure --host=maven

## --------- ##
## Platform. ##
## --------- ##

hostname = frog.zoo.cs.yale.edu
uname -m = x86_64
uname -r = 6.2.11-200.fc37.x86_64
uname -s = Linux
uname -v = #1 SMP PREEMPT_DYNAMIC Thu Apr 13 20:07:32 UTC 2023

/usr/bin/uname -p = x86_64
/bin/uname -X     = unknown

/bin/arch              = x86_64
/usr/bin/arch -k       = unknown
/usr/convex/getsysinfo = unknown
/usr/bin/hostinfo      = unknown
/bin/machine           = unknown
/usr/bin/oslevel       = unknown
/bin/universe          = unknown

PATH: /home/classes/cs422/apps/ruby/bin/
PATH: /home/classes/cs422/apps/gperf/bin/
PATH: /home/classes/cs422/apps/qemu-pdos/bin/
PATH: /home/classes/cs422/apps/augeas/bin/
PATH: /home/accts/omy3/.vscode-server/bin/441438abd1ac652551dbe4d408dfcec8a499b8bf/bin/remote-cli/
PATH: /home/classes/cs422/apps/ruby/bin/
PATH: /home/classes/cs422/apps/gperf/bin/
PATH: /home/classes/cs422/apps/qemu-pdos/bin/
PATH: /home/classes/cs422/apps/augeas/bin/
PATH: /home/classes/cs422/apps/ruby/bin/
PATH: /home/classes/cs422/apps/gperf/bin/
PATH: /home/classes/cs422/apps/qemu-pdos/bin/
PATH: /home/classes/cs422/apps/augeas/bin/
PATH: /home/accts/omy3/.local/bin/
PATH: /home/accts/omy3/bin/
PATH: /usr/lib64/qt-3.3/bin/
PATH: /usr/condabin/
PATH: /usr/lib64/ccache/
PATH: /usr/local/bin/
PATH: /usr/bin/
PATH: /usr/local/sbin/
PATH: /usr/sbin/
PATH: /var/lib/snapd/snap/bin/


## ----------- ##
## Core tests. ##
## ----------- ##

configure:2071: looking for aux files: install-sh config.guess config.sub
configure:2084:  trying ../scripts/
configure:2098:   ../scripts/install.sh found
configure:2113:   ../scripts/config.guess found
configure:2113:   ../scripts/config.sub found
configure:2233: checking build system type
configure:2248: result: x86_64-unknown-linux-gnu
configure:2268: checking host system type
configure:2282: result: mipsmavenel-ucb-elf
configure:2325: checking for maven-gcc
configure:2360: result: no
configure:2370: checking for gcc
configure:2391: found /usr/lib64/ccache/gcc
configure:2402: result: gcc
configure:2755: checking for C compiler version
configure:2764: gcc --version >&5
gcc (GCC) 12.2.1 20221121 (Red Hat 12.2.1-4)
Copyright (C) 2022 Free Software Foundation, Inc.
This is free software; see the source for copying conditions.  There is NO
warranty; not even for MERCHANTABILITY or FITNESS FOR A PARTICULAR PURPOSE.

configure:2775: $? = 0
configure:2764: gcc -v >&5
Using built-in specs.
COLLECT_GCC=/usr/bin/gcc
COLLECT_LTO_WRAPPER=/usr/libexec/gcc/x86_64-redhat-linux/12/lto-wrapper
OFFLOAD_TARGET_NAMES=nvptx-none
OFFLOAD_TARGET_DEFAULT=1
Target: x86_64-redhat-linux
Configured with: ../configure --enable-bootstrap --enable-languages=c,c++,fortran,objc,obj-c++,ada,go,d,lto --prefix=/usr --mandir=/usr/share/man --infodir=/usr/share/info --with-bugurl=http://bugzilla.redhat.com/bugzilla --enable-shared --enable-threads=posix --enable-checking=release --enable-multilib --with-system-zlib --enable-__cxa_atexit --disable-libunwind-exceptions --enable-gnu-unique-object --enable-linker-build-id --with-gcc-major-version-only --enable-libstdcxx-backtrace --with-linker-hash-style=gnu --enable-plugin --enable-initfini-array --with-isl=/builddir/build/BUILD/gcc-12.2.1-20221121/obj-x86_64-redhat-linux/isl-install --enable-offload-targets=nvptx-none --without-cuda-driver --enable-offload-defaulted --enable-gnu-indirect-function --enable-cet --with-tune=generic --with-arch_32=i686 --build=x86_64-redhat-linux --with-build-config=bootstrap-lto --enable-link-serialization=1
Thread model: posix
Supported LTO compression algorithms: zlib zstd
gcc version 12.2.1 20221121 (Red Hat 12.2.1-4) (GCC) 
... rest of stderr output deleted ...
configure:2775: $? = 0
configure:2764: gcc -V >&5
gcc: error: unrecognized command-line option '-V'
gcc: fatal error: no input files
compilation terminated.
configure:2775: $? = 1
configure:2764: gcc -qversion >&5
gcc: error: unrecognized command-line option '-qversion'; did you mean '--version'?
gcc: fatal error: no input files
compilation terminated.
configure:2775: $? = 1
configure:2764: gcc -version >&5
gcc: error: unrecognized command-line option '-version'
gcc: fatal error: no input files
compilation terminated.
configure:2775: $? = 1
configure:2795: checking whether the C compiler works
configure:2817: gcc    conftest.c  >&5
configure:2821: $? = 0
configure:2871: result: yes
configure:2874: checking for C compiler default output file name
configure:2876: result: a.out
configure:2882: checking for suffix of executables
configure:2889: gcc -o conftest    conftest.c  >&5
configure:2893: $? = 0
configure:2916: result: 
configure:2938: checking whether we are cross compiling
configure:2946: gcc -o conftest    conftest.c  >&5
configure:2950: $? = 0
configure:2957: ./conftest
configure:2961: $? = 0
configure:2976: result: no
configure:2981: checking for suffix of object files
configure:3004: gcc -c   conftest.c >&5
configure:3008: $? = 0
configure:3030: result: o
configure:3034: checking whether the compiler supports GNU C
configure:3054: gcc -c   conftest.c >&5
configure:3054: $? = 0
configure:3064: result: yes
configure:3075: checking whether gcc accepts -g
configure:3096: gcc -c -g  conftest.c >&5
configure:3096: $? = 0
configure:3140: result: yes
configure:3160: checking for gcc option to enable C11 features
configure:3175: gcc  -c -g -O2  conftest.c >&5
configure:3175: $? = 0
configure:3193: result: none needed
configure:3333: checking for a BSD-compatible install
configure:3406: result: /usr/bin/install -c
configure:3558: checking for maven-isa-testrun
configure:3593: result: no
configure:3558: checking for maven-testrun
configure:3593: result: no
configure:3607: checking for isa-testrun
configure:3642: result: no
configure:3607: checking for testrun
configure:3642: result: no
configure:3666: error: Cannot find simulator for target 

## ---------------- ##
## Cache variables. ##
## ---------------- ##

ac_cv_build=x86_64-unknown-linux-gnu
ac_cv_c_compiler_gnu=yes
ac_cv_env_CC_set=
ac_cv_env_CC_value=
ac_cv_env_CFLAGS_set=
ac_cv_env_CFLAGS_value=
ac_cv_env_CPPFLAGS_set=
ac_cv_env_CPPFLAGS_value=
ac_cv_env_LDFLAGS_set=
ac_cv_env_LDFLAGS_value=
ac_cv_env_LIBS_set=
ac_cv_env_LIBS_value=
ac_cv_env_STOW_PREFIX_set=
ac_cv_env_STOW_PREFIX_value=
ac_cv_env_STOW_ROOT_set=
ac_cv_env_STOW_ROOT_value=
ac_cv_env_build_alias_set=
ac_cv_env_build_alias_value=
ac_cv_env_host_alias_set=set
ac_cv_env_host_alias_value=maven
ac_cv_env_target_alias_set=
ac_cv_env_target_alias_value=
ac_cv_host=mipsmavenel-ucb-elf
ac_cv_objext=o
ac_cv_path_install='/usr/bin/install -c'
ac_cv_prog_ac_ct_CC=gcc
ac_cv_prog_cc_c11=
ac_cv_prog_cc_g=yes
ac_cv_prog_cc_stdc=

## ----------------- ##
## Output variables. ##
## ----------------- ##

CC='gcc'
CFLAGS='-Wall'
CPPFLAGS=''
DEFS=''
ECHO_C=''
ECHO_N='-n'
ECHO_T=''
EXEEXT=''
INSTALL_DATA='${INSTALL} -m 644'
INSTALL_PROGRAM='${INSTALL}'
INSTALL_SCRIPT='${INSTALL}'
LDFLAGS=''
LIBOBJS=''
LIBS=''
LTLIBOBJS=''
OBJEXT='o'
PACKAGE_BUGREPORT='Ji Kim'
PACKAGE_NAME='PARC Assembly Test Programs'
PACKAGE_STRING='PARC Assembly Test Programs ?'
PACKAGE_TARNAME='parc-test'
PACKAGE_URL=''
PACKAGE_VERSION='?'
PATH_SEPARATOR=':'
RUN='no'
RUNFLAGS=''
SHELL='/bin/sh'
STOW_PREFIX=''
STOW_ROOT=''
ac_ct_CC='gcc'
ac_ct_RUN=''
bindir='${exec_prefix}/bin'
build='x86_64-unknown-linux-gnu'
build_alias=''
build_cpu='x86_64'
build_os='linux-gnu'
build_vendor='unknown'
datadir='${datarootdir}'
datarootdir='${prefix}/share'
docdir='${datarootdir}/doc/${PACKAGE_TARNAME}'
dvidir='${docdir}'
enable_stow='no'
exec_prefix='NONE'
host='mipsmavenel-ucb-elf'
host_alias='maven'
host_cpu='mipsmavenel'
host_os='elf'
host_vendor='ucb'
htmldir='${docdir}'
includedir='${prefix}/include'
infodir='${datarootdir}/info'
libdir='${exec_prefix}/lib'
libexecdir='${exec_prefix}/libexec'
localedir='${datarootdir}/locale'
localstatedir='${prefix}/var'
mandir='${datarootdir}/man'
oldincludedir='/usr/include'
pdfdir='${docdir}'
prefix='NONE'
program_transform_name='s,x,x,'
psdir='${docdir}'
runstatedir='${localstatedir}/run'
sbindir='${exec_prefix}/sbin'
sharedstatedir='${prefix}/com'
stow=''
sysconfdir='${prefix}/etc'
target_alias=''
tmod_include=''

## ----------- ##
## confdefs.h. ##
## ----------- ##

/* confdefs.h */
#define PACKAGE_NAME "PARC Assembly Test Programs"
#define PACKAGE_TARNAME "parc-test"
#define PACKAGE_VERSION "?"
#define PACKAGE_STRING "PARC Assembly Test Programs ?"
#define PACKAGE_BUGREPORT "Ji Kim"
#define PACKAGE_URL ""

configure: exit 1
